<?xml version="1.0" encoding="UTF-8"?>
<!-- Generated by org.testng.reporters.JUnitReportReporter -->
<testsuite skipped="1" hostname="BDC4-L-DB27QQ2" name="com.Day1.TestNg.Annotations" tests="2" failures="0" timestamp="17 Sep 2018 09:16:09 GMT" time="0.005" errors="0">
  <testcase name="beta" time="0.005" classname="com.Day1.TestNg.Annotations"/>
  <testcase name="alpha" classname="com.Day1.TestNg.Annotations">
    <skipped/>
  </testcase> <!-- alpha -->
</testsuite> <!-- com.Day1.TestNg.Annotations -->
