<?xml version="1.0" encoding="UTF-8"?>
<!-- Generated by org.testng.reporters.JUnitReportReporter -->
<testsuite skipped="0" hostname="BDC4-D-5RR3RG2" name="com.Day2.WorkingwithFrame" tests="1" failures="0" timestamp="18 Sep 2018 05:36:55 GMT" time="22.172" errors="0">
  <testcase name="testcase" time="22.172" classname="com.Day2.WorkingwithFrame"/>
</testsuite> <!-- com.Day2.WorkingwithFrame -->
