<?xml version="1.0" encoding="UTF-8"?>
<!-- Generated by org.testng.reporters.JUnitReportReporter -->
<testsuite skipped="0" hostname="BDC4-D-5RR3RG2" name="com.Day3.CookiesDemo" tests="1" failures="0" timestamp="19 Sep 2018 05:06:34 GMT" time="11.516" errors="0">
  <testcase name="testcase" time="11.516" classname="com.Day3.CookiesDemo"/>
</testsuite> <!-- com.Day3.CookiesDemo -->
