<?xml version="1.0" encoding="UTF-8"?>
<!-- Generated by org.testng.reporters.JUnitReportReporter -->
<testsuite skipped="0" hostname="BDC4-D-5RR3RG2" name="com.Day2.RobotDemo" tests="1" failures="0" timestamp="18 Sep 2018 11:07:13 GMT" time="12.365" errors="0">
  <testcase name="testcase" time="12.365" classname="com.Day2.RobotDemo"/>
</testsuite> <!-- com.Day2.RobotDemo -->
