<?xml version="1.0" encoding="UTF-8"?>
<!-- Generated by org.testng.reporters.JUnitReportReporter -->
<testsuite skipped="0" hostname="BDC4-D-5RR3RG2" name="com.Day2.DragnDrop" tests="1" failures="0" timestamp="18 Sep 2018 09:55:05 GMT" time="16.996" errors="0">
  <testcase name="testcase" time="16.996" classname="com.Day2.DragnDrop"/>
</testsuite> <!-- com.Day2.DragnDrop -->
