<?xml version="1.0" encoding="UTF-8"?>
<!-- Generated by org.testng.reporters.JUnitReportReporter -->
<testsuite skipped="0" hostname="BDC4-D-5RR3RG2" name="com.Day3.RemoteTesting" tests="1" failures="0" timestamp="19 Sep 2018 07:39:28 GMT" time="2.608" errors="0">
  <testcase name="testcase" time="2.608" classname="com.Day3.RemoteTesting"/>
</testsuite> <!-- com.Day3.RemoteTesting -->
