<?xml version="1.0" encoding="UTF-8"?>
<!-- Generated by org.testng.reporters.JUnitReportReporter -->
<testsuite skipped="0" hostname="BDC4-L-DB27QQ2" name="com.Day1.TestNg.FlipkartExample" tests="1" failures="0" timestamp="17 Sep 2018 11:03:15 GMT" time="29.193" errors="0">
  <testcase name="testcase" time="29.193" classname="com.Day1.TestNg.FlipkartExample"/>
</testsuite> <!-- com.Day1.TestNg.FlipkartExample -->
