<?xml version="1.0" encoding="UTF-8"?>
<!-- Generated by org.testng.reporters.JUnitReportReporter -->
<testsuite skipped="0" hostname="BDC4-D-5RR3RG2" name="com.Day2.closeAllSessionExceptMnwdw" tests="1" failures="0" timestamp="18 Sep 2018 07:32:44 GMT" time="29.461" errors="0">
  <testcase name="testcase" time="29.461" classname="com.Day2.closeAllSessionExceptMnwdw"/>
</testsuite> <!-- com.Day2.closeAllSessionExceptMnwdw -->
