<?xml version="1.0" encoding="UTF-8"?>
<!-- Generated by org.testng.reporters.JUnitReportReporter -->
<testsuite skipped="0" hostname="BDC4-L-DB27QQ2" name="com.Day1.TestNg.BasicAnnotations" tests="1" failures="0" timestamp="17 Sep 2018 09:16:09 GMT" time="9.350" errors="0">
  <testcase name="testcase" time="9.350" classname="com.Day1.TestNg.BasicAnnotations"/>
</testsuite> <!-- com.Day1.TestNg.BasicAnnotations -->
