<?xml version="1.0" encoding="UTF-8"?>
<!-- Generated by org.testng.reporters.JUnitReportReporter -->
<testsuite skipped="0" hostname="BDC4-L-DB27QQ2" name="com.Drivers.RoughTest" tests="1" failures="0" timestamp="17 Sep 2018 09:56:53 GMT" time="5.386" errors="0">
  <testcase name="test" time="5.386" classname="com.Drivers.RoughTest"/>
</testsuite> <!-- com.Drivers.RoughTest -->
