<?xml version="1.0" encoding="UTF-8"?>
<!-- Generated by org.testng.reporters.JUnitReportReporter -->
<testsuite skipped="0" hostname="BDC4-D-5RR3RG2" name="com.Day3.DataDrivenWithExcel" tests="1" failures="0" timestamp="19 Sep 2018 10:30:43 GMT" time="0.010" errors="0">
  <testcase name="testcase" time="0.010" classname="com.Day3.DataDrivenWithExcel"/>
</testsuite> <!-- com.Day3.DataDrivenWithExcel -->
