<?xml version="1.0" encoding="UTF-8"?>
<!-- Generated by org.testng.reporters.JUnitReportReporter -->
<testsuite skipped="0" hostname="BDC4-D-5RR3RG2" name="com.Day2.WorkingwithAlert" tests="1" failures="0" timestamp="18 Sep 2018 05:38:48 GMT" time="27.726" errors="0">
  <testcase name="testcase" time="27.726" classname="com.Day2.WorkingwithAlert"/>
</testsuite> <!-- com.Day2.WorkingwithAlert -->
