<?xml version="1.0" encoding="UTF-8"?>
<!-- Generated by org.testng.reporters.JUnitReportReporter -->
<testsuite skipped="0" hostname="BDC4-D-5RR3RG2" name="com.Day2.KeyboardControl" tests="1" failures="0" timestamp="18 Sep 2018 10:57:22 GMT" time="12.232" errors="0">
  <testcase name="testcase" time="12.232" classname="com.Day2.KeyboardControl"/>
</testsuite> <!-- com.Day2.KeyboardControl -->
